{"/Users/danauzlaner/Desktop/school/secondSchoolTask/src/index.ts": {"path":"/Users/danauzlaner/Desktop/school/secondSchoolTask/src/index.ts","statementMap":{"0":{"start":{"line":1,"column":0},"end":{"line":1,"column":43}},"1":{"start":{"line":2,"column":0},"end":{"line":2,"column":32}},"2":{"start":{"line":3,"column":0},"end":{"line":3,"column":24}},"3":{"start":{"line":4,"column":0},"end":{"line":4,"column":44}},"4":{"start":{"line":5,"column":0},"end":{"line":5,"column":50}},"5":{"start":{"line":6,"column":0},"end":{"line":6,"column":43}},"6":{"start":{"line":7,"column":0},"end":{"line":7,"column":44}},"7":{"start":{"line":8,"column":0},"end":{"line":8,"column":51}},"8":{"start":{"line":10,"column":0},"end":{"line":10,"column":28}},"9":{"start":{"line":11,"column":0},"end":{"line":11,"column":36}},"10":{"start":{"line":13,"column":12},"end":{"line":13,"column":21}},"11":{"start":{"line":14,"column":0},"end":{"line":14,"column":16}},"12":{"start":{"line":15,"column":0},"end":{"line":15,"column":24}},"13":{"start":{"line":18,"column":0},"end":{"line":26,"column":2}},"14":{"start":{"line":29,"column":0},"end":{"line":29,"column":29}},"15":{"start":{"line":30,"column":0},"end":{"line":30,"column":35}},"16":{"start":{"line":31,"column":0},"end":{"line":31,"column":29}},"17":{"start":{"line":32,"column":0},"end":{"line":32,"column":28}},"18":{"start":{"line":35,"column":0},"end":{"line":38,"column":3}},"19":{"start":{"line":36,"column":2},"end":{"line":36,"column":52}},"20":{"start":{"line":37,"column":2},"end":{"line":37,"column":24}},"21":{"start":{"line":40,"column":16},"end":{"line":55,"column":1}},"22":{"start":{"line":41,"column":13},"end":{"line":53,"column":4}},"23":{"start":{"line":42,"column":18},"end":{"line":42,"column":42}},"24":{"start":{"line":43,"column":4},"end":{"line":46,"column":5}},"25":{"start":{"line":44,"column":6},"end":{"line":44,"column":44}},"26":{"start":{"line":45,"column":6},"end":{"line":45,"column":13}},"27":{"start":{"line":47,"column":4},"end":{"line":49,"column":7}},"28":{"start":{"line":48,"column":6},"end":{"line":48,"column":19}},"29":{"start":{"line":50,"column":15},"end":{"line":50,"column":34}},"30":{"start":{"line":51,"column":4},"end":{"line":51,"column":52}},"31":{"start":{"line":51,"column":30},"end":{"line":51,"column":50}},"32":{"start":{"line":52,"column":4},"end":{"line":52,"column":64}},"33":{"start":{"line":52,"column":26},"end":{"line":52,"column":62}},"34":{"start":{"line":54,"column":2},"end":{"line":54,"column":12}},"35":{"start":{"line":57,"column":0},"end":{"line":57,"column":23}}},"fnMap":{"0":{"name":"(anonymous_1)","decl":{"start":{"line":35,"column":26},"end":{"line":35,"column":27}},"loc":{"start":{"line":35,"column":39},"end":{"line":38,"column":1}}},"1":{"name":"(anonymous_2)","decl":{"start":{"line":40,"column":16},"end":{"line":40,"column":19}},"loc":{"start":{"line":40,"column":21},"end":{"line":55,"column":1}}},"2":{"name":"(anonymous_3)","decl":{"start":{"line":41,"column":34},"end":{"line":41,"column":35}},"loc":{"start":{"line":41,"column":54},"end":{"line":53,"column":3}}},"3":{"name":"(anonymous_4)","decl":{"start":{"line":47,"column":37},"end":{"line":47,"column":40}},"loc":{"start":{"line":47,"column":42},"end":{"line":49,"column":5}}},"4":{"name":"(anonymous_5)","decl":{"start":{"line":51,"column":19},"end":{"line":51,"column":20}},"loc":{"start":{"line":51,"column":30},"end":{"line":51,"column":50}}},"5":{"name":"(anonymous_6)","decl":{"start":{"line":52,"column":20},"end":{"line":52,"column":23}},"loc":{"start":{"line":52,"column":26},"end":{"line":52,"column":62}}}},"branchMap":{"0":{"loc":{"start":{"line":43,"column":4},"end":{"line":46,"column":5}},"type":"if","locations":[{"start":{"line":43,"column":4},"end":{"line":46,"column":5}},{"start":{},"end":{}}]}},"s":{"0":4,"1":4,"2":4,"3":4,"4":4,"5":4,"6":4,"7":4,"8":4,"9":4,"10":4,"11":4,"12":4,"13":4,"14":4,"15":4,"16":4,"17":4,"18":4,"19":0,"20":0,"21":4,"22":4,"23":4,"24":4,"25":0,"26":0,"27":4,"28":4,"29":4,"30":4,"31":0,"32":4,"33":4,"34":4,"35":4},"f":{"0":0,"1":4,"2":4,"3":4,"4":0,"5":4},"b":{"0":[0,4]}}
,"/Users/danauzlaner/Desktop/school/secondSchoolTask/src/swagger.ts": {"path":"/Users/danauzlaner/Desktop/school/secondSchoolTask/src/swagger.ts","statementMap":{"0":{"start":{"line":1,"column":0},"end":{"line":1,"column":41}},"1":{"start":{"line":2,"column":0},"end":{"line":2,"column":7}},"2":{"start":{"line":902,"column":9},"end":{"line":2,"column":43}},"3":{"start":{"line":4,"column":38},"end":{"line":415,"column":2}},"4":{"start":{"line":418,"column":20},"end":{"line":885,"column":2}},"5":{"start":{"line":888,"column":46},"end":{"line":898,"column":2}},"6":{"start":{"line":900,"column":20},"end":{"line":900,"column":49}},"7":{"start":{"line":902,"column":20},"end":{"line":902,"column":31}}},"fnMap":{},"branchMap":{"0":{"loc":{"start":{"line":19,"column":33},"end":{"line":19,"column":57}},"type":"binary-expr","locations":[{"start":{"line":19,"column":33},"end":{"line":19,"column":49}},{"start":{"line":19,"column":53},"end":{"line":19,"column":57}}]}},"s":{"0":4,"1":4,"2":4,"3":4,"4":4,"5":4,"6":4,"7":4},"f":{},"b":{"0":[4,0]}}
,"/Users/danauzlaner/Desktop/school/secondSchoolTask/src/controllers/authController.ts": {"path":"/Users/danauzlaner/Desktop/school/secondSchoolTask/src/controllers/authController.ts","statementMap":{"0":{"start":{"line":2,"column":0},"end":{"line":2,"column":28}},"1":{"start":{"line":3,"column":0},"end":{"line":3,"column":39}},"2":{"start":{"line":4,"column":0},"end":{"line":4,"column":31}},"3":{"start":{"line":7,"column":18},"end":{"line":9,"column":1}},"4":{"start":{"line":8,"column":2},"end":{"line":8,"column":37}},"5":{"start":{"line":16,"column":22},"end":{"line":30,"column":1}},"6":{"start":{"line":17,"column":17},"end":{"line":17,"column":59}},"7":{"start":{"line":19,"column":20},"end":{"line":19,"column":66}},"8":{"start":{"line":20,"column":16},"end":{"line":20,"column":75}},"9":{"start":{"line":22,"column":27},"end":{"line":23,"column":null}},"10":{"start":{"line":25,"column":15},"end":{"line":25,"column":47}},"11":{"start":{"line":26,"column":23},"end":{"line":28,"column":4}},"12":{"start":{"line":29,"column":2},"end":{"line":29,"column":33}},"13":{"start":{"line":32,"column":17},"end":{"line":54,"column":2}},"14":{"start":{"line":32,"column":55},"end":{"line":54,"column":2}},"15":{"start":{"line":33,"column":16},"end":{"line":33,"column":30}},"16":{"start":{"line":34,"column":19},"end":{"line":34,"column":36}},"17":{"start":{"line":35,"column":19},"end":{"line":35,"column":36}},"18":{"start":{"line":36,"column":2},"end":{"line":38,"column":3}},"19":{"start":{"line":37,"column":4},"end":{"line":37,"column":66}},"20":{"start":{"line":39,"column":2},"end":{"line":53,"column":3}},"21":{"start":{"line":40,"column":17},"end":{"line":40,"column":41}},"22":{"start":{"line":41,"column":27},"end":{"line":41,"column":60}},"23":{"start":{"line":42,"column":17},"end":{"line":46,"column":6}},"24":{"start":{"line":47,"column":19},"end":{"line":47,"column":53}},"25":{"start":{"line":48,"column":4},"end":{"line":48,"column":49}},"26":{"start":{"line":49,"column":4},"end":{"line":49,"column":22}},"27":{"start":{"line":50,"column":4},"end":{"line":50,"column":66}},"28":{"start":{"line":52,"column":4},"end":{"line":52,"column":56}},"29":{"start":{"line":55,"column":14},"end":{"line":79,"column":2}},"30":{"start":{"line":55,"column":52},"end":{"line":79,"column":2}},"31":{"start":{"line":57,"column":16},"end":{"line":57,"column":30}},"32":{"start":{"line":58,"column":19},"end":{"line":58,"column":36}},"33":{"start":{"line":59,"column":2},"end":{"line":61,"column":3}},"34":{"start":{"line":60,"column":4},"end":{"line":60,"column":66}},"35":{"start":{"line":62,"column":2},"end":{"line":78,"column":3}},"36":{"start":{"line":63,"column":17},"end":{"line":63,"column":53}},"37":{"start":{"line":64,"column":4},"end":{"line":66,"column":5}},"38":{"start":{"line":65,"column":6},"end":{"line":65,"column":64}},"39":{"start":{"line":67,"column":20},"end":{"line":67,"column":65}},"40":{"start":{"line":68,"column":4},"end":{"line":70,"column":5}},"41":{"start":{"line":69,"column":6},"end":{"line":69,"column":64}},"42":{"start":{"line":72,"column":19},"end":{"line":72,"column":53}},"43":{"start":{"line":73,"column":4},"end":{"line":73,"column":49}},"44":{"start":{"line":74,"column":4},"end":{"line":74,"column":22}},"45":{"start":{"line":75,"column":4},"end":{"line":75,"column":66}},"46":{"start":{"line":77,"column":4},"end":{"line":77,"column":56}},"47":{"start":{"line":82,"column":21},"end":{"line":114,"column":2}},"48":{"start":{"line":82,"column":59},"end":{"line":114,"column":2}},"49":{"start":{"line":84,"column":23},"end":{"line":84,"column":44}},"50":{"start":{"line":85,"column":2},"end":{"line":87,"column":3}},"51":{"start":{"line":86,"column":4},"end":{"line":86,"column":60}},"52":{"start":{"line":88,"column":17},"end":{"line":88,"column":59}},"53":{"start":{"line":89,"column":2},"end":{"line":113,"column":3}},"54":{"start":{"line":90,"column":20},"end":{"line":90,"column":71}},"55":{"start":{"line":91,"column":17},"end":{"line":91,"column":49}},"56":{"start":{"line":92,"column":4},"end":{"line":94,"column":5}},"57":{"start":{"line":93,"column":6},"end":{"line":93,"column":58}},"58":{"start":{"line":96,"column":4},"end":{"line":102,"column":5}},"59":{"start":{"line":98,"column":6},"end":{"line":98,"column":30}},"60":{"start":{"line":99,"column":6},"end":{"line":99,"column":24}},"61":{"start":{"line":100,"column":6},"end":{"line":100,"column":68}},"62":{"start":{"line":101,"column":6},"end":{"line":101,"column":58}},"63":{"start":{"line":103,"column":19},"end":{"line":103,"column":45}},"64":{"start":{"line":105,"column":4},"end":{"line":107,"column":6}},"65":{"start":{"line":106,"column":17},"end":{"line":106,"column":39}},"66":{"start":{"line":108,"column":4},"end":{"line":108,"column":49}},"67":{"start":{"line":109,"column":4},"end":{"line":109,"column":22}},"68":{"start":{"line":110,"column":4},"end":{"line":110,"column":33}},"69":{"start":{"line":112,"column":4},"end":{"line":112,"column":56}},"70":{"start":{"line":116,"column":15},"end":{"line":137,"column":2}},"71":{"start":{"line":116,"column":53},"end":{"line":137,"column":2}},"72":{"start":{"line":117,"column":23},"end":{"line":117,"column":44}},"73":{"start":{"line":118,"column":2},"end":{"line":120,"column":3}},"74":{"start":{"line":119,"column":4},"end":{"line":119,"column":60}},"75":{"start":{"line":121,"column":2},"end":{"line":136,"column":3}},"76":{"start":{"line":122,"column":19},"end":{"line":122,"column":61}},"77":{"start":{"line":123,"column":20},"end":{"line":123,"column":71}},"78":{"start":{"line":124,"column":17},"end":{"line":124,"column":49}},"79":{"start":{"line":125,"column":4},"end":{"line":127,"column":5}},"80":{"start":{"line":126,"column":6},"end":{"line":126,"column":58}},"81":{"start":{"line":129,"column":4},"end":{"line":131,"column":6}},"82":{"start":{"line":130,"column":17},"end":{"line":130,"column":39}},"83":{"start":{"line":132,"column":4},"end":{"line":132,"column":22}},"84":{"start":{"line":133,"column":4},"end":{"line":133,"column":70}},"85":{"start":{"line":135,"column":4},"end":{"line":135,"column":56}},"86":{"start":{"line":139,"column":23},"end":{"line":186,"column":2}},"87":{"start":{"line":139,"column":65},"end":{"line":186,"column":2}},"88":{"start":{"line":140,"column":26},"end":{"line":140,"column":50}},"89":{"start":{"line":141,"column":22},"end":{"line":141,"column":42}},"90":{"start":{"line":143,"column":2},"end":{"line":149,"column":3}},"91":{"start":{"line":144,"column":4},"end":{"line":148,"column":6}},"92":{"start":{"line":151,"column":2},"end":{"line":157,"column":3}},"93":{"start":{"line":152,"column":4},"end":{"line":156,"column":6}},"94":{"start":{"line":159,"column":2},"end":{"line":185,"column":3}},"95":{"start":{"line":160,"column":4},"end":{"line":162,"column":5}},"96":{"start":{"line":161,"column":6},"end":{"line":161,"column":49}},"97":{"start":{"line":164,"column":17},"end":{"line":164,"column":50}},"98":{"start":{"line":165,"column":4},"end":{"line":167,"column":5}},"99":{"start":{"line":166,"column":6},"end":{"line":166,"column":51}},"100":{"start":{"line":170,"column":20},"end":{"line":170,"column":72}},"101":{"start":{"line":171,"column":4},"end":{"line":173,"column":5}},"102":{"start":{"line":172,"column":6},"end":{"line":172,"column":66}},"103":{"start":{"line":176,"column":17},"end":{"line":176,"column":41}},"104":{"start":{"line":177,"column":27},"end":{"line":177,"column":63}},"105":{"start":{"line":178,"column":4},"end":{"line":178,"column":35}},"106":{"start":{"line":179,"column":4},"end":{"line":179,"column":22}},"107":{"start":{"line":181,"column":4},"end":{"line":181,"column":71}},"108":{"start":{"line":183,"column":4},"end":{"line":183,"column":23}},"109":{"start":{"line":184,"column":4},"end":{"line":184,"column":56}},"110":{"start":{"line":188,"column":0},"end":{"line":194,"column":2}}},"fnMap":{"0":{"name":"(anonymous_8)","decl":{"start":{"line":7,"column":18},"end":{"line":7,"column":19}},"loc":{"start":{"line":7,"column":67},"end":{"line":9,"column":1}}},"1":{"name":"(anonymous_9)","decl":{"start":{"line":16,"column":22},"end":{"line":16,"column":23}},"loc":{"start":{"line":16,"column":58},"end":{"line":30,"column":1}}},"2":{"name":"(anonymous_10)","decl":{"start":{"line":32,"column":17},"end":{"line":32,"column":24}},"loc":{"start":{"line":32,"column":55},"end":{"line":54,"column":2}}},"3":{"name":"(anonymous_11)","decl":{"start":{"line":32,"column":55},"end":{"line":32,"column":null}},"loc":{"start":{"line":32,"column":55},"end":{"line":54,"column":1}}},"4":{"name":"(anonymous_12)","decl":{"start":{"line":55,"column":14},"end":{"line":55,"column":21}},"loc":{"start":{"line":55,"column":52},"end":{"line":79,"column":2}}},"5":{"name":"(anonymous_13)","decl":{"start":{"line":55,"column":52},"end":{"line":55,"column":null}},"loc":{"start":{"line":55,"column":52},"end":{"line":79,"column":1}}},"6":{"name":"(anonymous_14)","decl":{"start":{"line":82,"column":21},"end":{"line":82,"column":28}},"loc":{"start":{"line":82,"column":59},"end":{"line":114,"column":2}}},"7":{"name":"(anonymous_15)","decl":{"start":{"line":82,"column":59},"end":{"line":82,"column":null}},"loc":{"start":{"line":82,"column":59},"end":{"line":114,"column":1}}},"8":{"name":"(anonymous_16)","decl":{"start":{"line":106,"column":6},"end":{"line":106,"column":7}},"loc":{"start":{"line":106,"column":17},"end":{"line":106,"column":39}}},"9":{"name":"(anonymous_17)","decl":{"start":{"line":116,"column":15},"end":{"line":116,"column":22}},"loc":{"start":{"line":116,"column":53},"end":{"line":137,"column":2}}},"10":{"name":"(anonymous_18)","decl":{"start":{"line":116,"column":53},"end":{"line":116,"column":null}},"loc":{"start":{"line":116,"column":53},"end":{"line":137,"column":1}}},"11":{"name":"(anonymous_19)","decl":{"start":{"line":130,"column":6},"end":{"line":130,"column":7}},"loc":{"start":{"line":130,"column":17},"end":{"line":130,"column":39}}},"12":{"name":"(anonymous_20)","decl":{"start":{"line":139,"column":23},"end":{"line":139,"column":30}},"loc":{"start":{"line":139,"column":65},"end":{"line":186,"column":2}}},"13":{"name":"(anonymous_21)","decl":{"start":{"line":139,"column":65},"end":{"line":139,"column":null}},"loc":{"start":{"line":139,"column":65},"end":{"line":186,"column":1}}}},"branchMap":{"0":{"loc":{"start":{"line":17,"column":17},"end":{"line":17,"column":59}},"type":"binary-expr","locations":[{"start":{"line":17,"column":17},"end":{"line":17,"column":39}},{"start":{"line":17,"column":43},"end":{"line":17,"column":59}}]},"1":{"loc":{"start":{"line":19,"column":29},"end":{"line":19,"column":65}},"type":"binary-expr","locations":[{"start":{"line":19,"column":29},"end":{"line":19,"column":55}},{"start":{"line":19,"column":59},"end":{"line":19,"column":65}}]},"2":{"loc":{"start":{"line":23,"column":4},"end":{"line":23,"column":50}},"type":"binary-expr","locations":[{"start":{"line":23,"column":4},"end":{"line":23,"column":40}},{"start":{"line":23,"column":44},"end":{"line":23,"column":50}}]},"3":{"loc":{"start":{"line":36,"column":2},"end":{"line":38,"column":3}},"type":"if","locations":[{"start":{"line":36,"column":2},"end":{"line":38,"column":3}},{"start":{},"end":{}}]},"4":{"loc":{"start":{"line":36,"column":6},"end":{"line":36,"column":25}},"type":"binary-expr","locations":[{"start":{"line":36,"column":6},"end":{"line":36,"column":12}},{"start":{"line":36,"column":16},"end":{"line":36,"column":25}}]},"5":{"loc":{"start":{"line":59,"column":2},"end":{"line":61,"column":3}},"type":"if","locations":[{"start":{"line":59,"column":2},"end":{"line":61,"column":3}},{"start":{},"end":{}}]},"6":{"loc":{"start":{"line":59,"column":6},"end":{"line":59,"column":25}},"type":"binary-expr","locations":[{"start":{"line":59,"column":6},"end":{"line":59,"column":12}},{"start":{"line":59,"column":16},"end":{"line":59,"column":25}}]},"7":{"loc":{"start":{"line":64,"column":4},"end":{"line":66,"column":5}},"type":"if","locations":[{"start":{"line":64,"column":4},"end":{"line":66,"column":5}},{"start":{},"end":{}}]},"8":{"loc":{"start":{"line":68,"column":4},"end":{"line":70,"column":5}},"type":"if","locations":[{"start":{"line":68,"column":4},"end":{"line":70,"column":5}},{"start":{},"end":{}}]},"9":{"loc":{"start":{"line":85,"column":2},"end":{"line":87,"column":3}},"type":"if","locations":[{"start":{"line":85,"column":2},"end":{"line":87,"column":3}},{"start":{},"end":{}}]},"10":{"loc":{"start":{"line":88,"column":17},"end":{"line":88,"column":59}},"type":"binary-expr","locations":[{"start":{"line":88,"column":17},"end":{"line":88,"column":39}},{"start":{"line":88,"column":43},"end":{"line":88,"column":59}}]},"11":{"loc":{"start":{"line":92,"column":4},"end":{"line":94,"column":5}},"type":"if","locations":[{"start":{"line":92,"column":4},"end":{"line":94,"column":5}},{"start":{},"end":{}}]},"12":{"loc":{"start":{"line":96,"column":4},"end":{"line":102,"column":5}},"type":"if","locations":[{"start":{"line":96,"column":4},"end":{"line":102,"column":5}},{"start":{},"end":{}}]},"13":{"loc":{"start":{"line":118,"column":2},"end":{"line":120,"column":3}},"type":"if","locations":[{"start":{"line":118,"column":2},"end":{"line":120,"column":3}},{"start":{},"end":{}}]},"14":{"loc":{"start":{"line":122,"column":19},"end":{"line":122,"column":61}},"type":"binary-expr","locations":[{"start":{"line":122,"column":19},"end":{"line":122,"column":41}},{"start":{"line":122,"column":45},"end":{"line":122,"column":61}}]},"15":{"loc":{"start":{"line":125,"column":4},"end":{"line":127,"column":5}},"type":"if","locations":[{"start":{"line":125,"column":4},"end":{"line":127,"column":5}},{"start":{},"end":{}}]},"16":{"loc":{"start":{"line":143,"column":2},"end":{"line":149,"column":3}},"type":"if","locations":[{"start":{"line":143,"column":2},"end":{"line":149,"column":3}},{"start":{},"end":{}}]},"17":{"loc":{"start":{"line":143,"column":6},"end":{"line":143,"column":38}},"type":"binary-expr","locations":[{"start":{"line":143,"column":6},"end":{"line":143,"column":22}},{"start":{"line":143,"column":26},"end":{"line":143,"column":38}}]},"18":{"loc":{"start":{"line":151,"column":2},"end":{"line":157,"column":3}},"type":"if","locations":[{"start":{"line":151,"column":2},"end":{"line":157,"column":3}},{"start":{},"end":{}}]},"19":{"loc":{"start":{"line":160,"column":4},"end":{"line":162,"column":5}},"type":"if","locations":[{"start":{"line":160,"column":4},"end":{"line":162,"column":5}},{"start":{},"end":{}}]},"20":{"loc":{"start":{"line":165,"column":4},"end":{"line":167,"column":5}},"type":"if","locations":[{"start":{"line":165,"column":4},"end":{"line":167,"column":5}},{"start":{},"end":{}}]},"21":{"loc":{"start":{"line":171,"column":4},"end":{"line":173,"column":5}},"type":"if","locations":[{"start":{"line":171,"column":4},"end":{"line":173,"column":5}},{"start":{},"end":{}}]}},"s":{"0":4,"1":4,"2":4,"3":4,"4":8,"5":4,"6":13,"7":13,"8":13,"9":13,"10":13,"11":13,"12":13,"13":4,"14":9,"15":9,"16":9,"17":9,"18":9,"19":0,"20":9,"21":9,"22":9,"23":9,"24":9,"25":9,"26":9,"27":9,"28":0,"29":4,"30":3,"31":3,"32":3,"33":3,"34":0,"35":3,"36":3,"37":3,"38":0,"39":3,"40":3,"41":1,"42":2,"43":2,"44":2,"45":2,"46":0,"47":4,"48":5,"49":5,"50":5,"51":0,"52":5,"53":5,"54":5,"55":5,"56":5,"57":0,"58":5,"59":3,"60":3,"61":3,"62":3,"63":2,"64":2,"65":4,"66":2,"67":2,"68":2,"69":0,"70":4,"71":3,"72":3,"73":3,"74":1,"75":2,"76":2,"77":2,"78":1,"79":1,"80":0,"81":1,"82":1,"83":1,"84":1,"85":1,"86":4,"87":3,"88":3,"89":3,"90":3,"91":0,"92":3,"93":1,"94":2,"95":2,"96":0,"97":2,"98":2,"99":0,"100":2,"101":2,"102":1,"103":1,"104":1,"105":1,"106":1,"107":1,"108":0,"109":0,"110":4},"f":{"0":8,"1":13,"2":9,"3":9,"4":3,"5":3,"6":5,"7":5,"8":4,"9":3,"10":3,"11":1,"12":3,"13":3},"b":{"0":[13,0],"1":[13,0],"2":[13,0],"3":[0,9],"4":[9,9],"5":[0,3],"6":[3,3],"7":[0,3],"8":[1,2],"9":[0,5],"10":[5,0],"11":[0,5],"12":[3,2],"13":[1,2],"14":[2,0],"15":[0,1],"16":[0,3],"17":[3,3],"18":[1,2],"19":[0,2],"20":[0,2],"21":[1,1]}}
,"/Users/danauzlaner/Desktop/school/secondSchoolTask/src/controllers/baseController.ts": {"path":"/Users/danauzlaner/Desktop/school/secondSchoolTask/src/controllers/baseController.ts","statementMap":{"0":{"start":{"line":7,"column":4},"end":{"line":7,"column":23}},"1":{"start":{"line":11,"column":4},"end":{"line":21,"column":5}},"2":{"start":{"line":12,"column":6},"end":{"line":15,"column":7}},"3":{"start":{"line":13,"column":27},"end":{"line":13,"column":59}},"4":{"start":{"line":14,"column":8},"end":{"line":14,"column":36}},"5":{"start":{"line":16,"column":19},"end":{"line":16,"column":42}},"6":{"start":{"line":17,"column":6},"end":{"line":17,"column":21}},"7":{"start":{"line":19,"column":6},"end":{"line":19,"column":27}},"8":{"start":{"line":20,"column":6},"end":{"line":20,"column":65}},"9":{"start":{"line":25,"column":15},"end":{"line":25,"column":28}},"10":{"start":{"line":26,"column":4},"end":{"line":35,"column":5}},"11":{"start":{"line":27,"column":19},"end":{"line":27,"column":48}},"12":{"start":{"line":28,"column":6},"end":{"line":30,"column":7}},"13":{"start":{"line":29,"column":8},"end":{"line":29,"column":67}},"14":{"start":{"line":31,"column":6},"end":{"line":31,"column":21}},"15":{"start":{"line":33,"column":6},"end":{"line":33,"column":27}},"16":{"start":{"line":34,"column":6},"end":{"line":34,"column":65}},"17":{"start":{"line":39,"column":21},"end":{"line":39,"column":29}},"18":{"start":{"line":40,"column":4},"end":{"line":46,"column":5}},"19":{"start":{"line":41,"column":22},"end":{"line":41,"column":55}},"20":{"start":{"line":42,"column":6},"end":{"line":42,"column":36}},"21":{"start":{"line":44,"column":6},"end":{"line":44,"column":27}},"22":{"start":{"line":45,"column":6},"end":{"line":45,"column":63}},"23":{"start":{"line":50,"column":15},"end":{"line":50,"column":28}},"24":{"start":{"line":51,"column":4},"end":{"line":60,"column":5}},"25":{"start":{"line":52,"column":26},"end":{"line":52,"column":64}},"26":{"start":{"line":53,"column":6},"end":{"line":55,"column":7}},"27":{"start":{"line":54,"column":8},"end":{"line":54,"column":67}},"28":{"start":{"line":56,"column":6},"end":{"line":56,"column":40}},"29":{"start":{"line":58,"column":6},"end":{"line":58,"column":27}},"30":{"start":{"line":59,"column":6},"end":{"line":59,"column":63}},"31":{"start":{"line":64,"column":15},"end":{"line":64,"column":28}},"32":{"start":{"line":65,"column":23},"end":{"line":65,"column":31}},"33":{"start":{"line":66,"column":4},"end":{"line":77,"column":5}},"34":{"start":{"line":67,"column":19},"end":{"line":69,"column":8}},"35":{"start":{"line":70,"column":6},"end":{"line":72,"column":7}},"36":{"start":{"line":71,"column":8},"end":{"line":71,"column":67}},"37":{"start":{"line":73,"column":6},"end":{"line":73,"column":21}},"38":{"start":{"line":75,"column":6},"end":{"line":75,"column":27}},"39":{"start":{"line":76,"column":6},"end":{"line":76,"column":63}},"40":{"start":{"line":81,"column":0},"end":{"line":81,"column":30}}},"fnMap":{"0":{"name":"(anonymous_7)","decl":{"start":{"line":6,"column":2},"end":{"line":6,"column":14}},"loc":{"start":{"line":6,"column":24},"end":{"line":8,"column":3}}},"1":{"name":"(anonymous_8)","decl":{"start":{"line":10,"column":8},"end":{"line":10,"column":14}},"loc":{"start":{"line":10,"column":42},"end":{"line":22,"column":null}}},"2":{"name":"(anonymous_10)","decl":{"start":{"line":24,"column":8},"end":{"line":24,"column":15}},"loc":{"start":{"line":24,"column":43},"end":{"line":36,"column":null}}},"3":{"name":"(anonymous_12)","decl":{"start":{"line":38,"column":8},"end":{"line":38,"column":14}},"loc":{"start":{"line":38,"column":42},"end":{"line":47,"column":null}}},"4":{"name":"(anonymous_14)","decl":{"start":{"line":49,"column":8},"end":{"line":49,"column":11}},"loc":{"start":{"line":49,"column":39},"end":{"line":61,"column":null}}},"5":{"name":"(anonymous_16)","decl":{"start":{"line":63,"column":8},"end":{"line":63,"column":14}},"loc":{"start":{"line":63,"column":42},"end":{"line":78,"column":null}}}},"branchMap":{"0":{"loc":{"start":{"line":12,"column":6},"end":{"line":15,"column":7}},"type":"if","locations":[{"start":{"line":12,"column":6},"end":{"line":15,"column":7}},{"start":{},"end":{}}]},"1":{"loc":{"start":{"line":28,"column":6},"end":{"line":30,"column":7}},"type":"if","locations":[{"start":{"line":28,"column":6},"end":{"line":30,"column":7}},{"start":{},"end":{}}]},"2":{"loc":{"start":{"line":53,"column":6},"end":{"line":55,"column":7}},"type":"if","locations":[{"start":{"line":53,"column":6},"end":{"line":55,"column":7}},{"start":{},"end":{}}]},"3":{"loc":{"start":{"line":70,"column":6},"end":{"line":72,"column":7}},"type":"if","locations":[{"start":{"line":70,"column":6},"end":{"line":72,"column":7}},{"start":{},"end":{}}]}},"s":{"0":12,"1":1,"2":1,"3":1,"4":1,"5":0,"6":0,"7":0,"8":0,"9":3,"10":3,"11":3,"12":3,"13":2,"14":1,"15":0,"16":0,"17":1,"18":1,"19":1,"20":0,"21":1,"22":1,"23":3,"24":3,"25":3,"26":3,"27":0,"28":3,"29":0,"30":0,"31":4,"32":4,"33":4,"34":4,"35":4,"36":0,"37":4,"38":0,"39":0,"40":4},"f":{"0":12,"1":1,"2":3,"3":1,"4":3,"5":4},"b":{"0":[1,0],"1":[2,1],"2":[0,3],"3":[0,4]}}
,"/Users/danauzlaner/Desktop/school/secondSchoolTask/src/controllers/commentController.ts": {"path":"/Users/danauzlaner/Desktop/school/secondSchoolTask/src/controllers/commentController.ts","statementMap":{"0":{"start":{"line":1,"column":0},"end":{"line":1,"column":51}},"1":{"start":{"line":3,"column":0},"end":{"line":3,"column":46}},"2":{"start":{"line":8,"column":4},"end":{"line":8,"column":25}},"3":{"start":{"line":13,"column":4},"end":{"line":22,"column":5}},"4":{"start":{"line":14,"column":18},"end":{"line":16,"column":58}},"5":{"start":{"line":17,"column":19},"end":{"line":17,"column":30}},"6":{"start":{"line":18,"column":6},"end":{"line":18,"column":28}},"7":{"start":{"line":20,"column":6},"end":{"line":20,"column":27}},"8":{"start":{"line":21,"column":6},"end":{"line":21,"column":72}},"9":{"start":{"line":27,"column":15},"end":{"line":27,"column":28}},"10":{"start":{"line":28,"column":4},"end":{"line":39,"column":5}},"11":{"start":{"line":29,"column":19},"end":{"line":31,"column":58}},"12":{"start":{"line":32,"column":6},"end":{"line":34,"column":7}},"13":{"start":{"line":33,"column":8},"end":{"line":33,"column":67}},"14":{"start":{"line":35,"column":6},"end":{"line":35,"column":28}},"15":{"start":{"line":37,"column":6},"end":{"line":37,"column":27}},"16":{"start":{"line":38,"column":6},"end":{"line":38,"column":72}},"17":{"start":{"line":44,"column":4},"end":{"line":46,"column":5}},"18":{"start":{"line":45,"column":6},"end":{"line":45,"column":37}},"19":{"start":{"line":47,"column":21},"end":{"line":47,"column":29}},"20":{"start":{"line":48,"column":4},"end":{"line":58,"column":5}},"21":{"start":{"line":49,"column":22},"end":{"line":49,"column":55}},"22":{"start":{"line":51,"column":28},"end":{"line":53,"column":58}},"23":{"start":{"line":54,"column":6},"end":{"line":54,"column":42}},"24":{"start":{"line":56,"column":6},"end":{"line":56,"column":27}},"25":{"start":{"line":57,"column":6},"end":{"line":57,"column":63}},"26":{"start":{"line":63,"column":20},"end":{"line":63,"column":38}},"27":{"start":{"line":64,"column":15},"end":{"line":64,"column":28}},"28":{"start":{"line":65,"column":4},"end":{"line":81,"column":5}},"29":{"start":{"line":66,"column":22},"end":{"line":66,"column":51}},"30":{"start":{"line":67,"column":6},"end":{"line":69,"column":7}},"31":{"start":{"line":68,"column":8},"end":{"line":68,"column":57}},"32":{"start":{"line":71,"column":6},"end":{"line":77,"column":7}},"33":{"start":{"line":72,"column":8},"end":{"line":72,"column":35}},"34":{"start":{"line":74,"column":8},"end":{"line":76,"column":70}},"35":{"start":{"line":79,"column":6},"end":{"line":79,"column":25}},"36":{"start":{"line":80,"column":6},"end":{"line":80,"column":60}},"37":{"start":{"line":86,"column":15},"end":{"line":86,"column":28}},"38":{"start":{"line":87,"column":4},"end":{"line":110,"column":5}},"39":{"start":{"line":88,"column":22},"end":{"line":88,"column":40}},"40":{"start":{"line":89,"column":22},"end":{"line":89,"column":51}},"41":{"start":{"line":90,"column":6},"end":{"line":92,"column":7}},"42":{"start":{"line":91,"column":8},"end":{"line":91,"column":57}},"43":{"start":{"line":94,"column":6},"end":{"line":98,"column":7}},"44":{"start":{"line":95,"column":8},"end":{"line":97,"column":70}},"45":{"start":{"line":100,"column":6},"end":{"line":105,"column":7}},"46":{"start":{"line":104,"column":8},"end":{"line":104,"column":76}},"47":{"start":{"line":106,"column":6},"end":{"line":106,"column":36}},"48":{"start":{"line":108,"column":6},"end":{"line":108,"column":25}},"49":{"start":{"line":109,"column":6},"end":{"line":109,"column":60}},"50":{"start":{"line":114,"column":0},"end":{"line":114,"column":40}}},"fnMap":{"0":{"name":"(anonymous_8)","decl":{"start":{"line":7,"column":2},"end":{"line":7,"column":null}},"loc":{"start":{"line":7,"column":2},"end":{"line":9,"column":3}}},"1":{"name":"(anonymous_9)","decl":{"start":{"line":12,"column":8},"end":{"line":12,"column":14}},"loc":{"start":{"line":12,"column":46},"end":{"line":23,"column":null}}},"2":{"name":"(anonymous_11)","decl":{"start":{"line":26,"column":8},"end":{"line":26,"column":15}},"loc":{"start":{"line":26,"column":47},"end":{"line":40,"column":null}}},"3":{"name":"(anonymous_13)","decl":{"start":{"line":43,"column":8},"end":{"line":43,"column":14}},"loc":{"start":{"line":43,"column":46},"end":{"line":59,"column":null}}},"4":{"name":"(anonymous_15)","decl":{"start":{"line":62,"column":8},"end":{"line":62,"column":11}},"loc":{"start":{"line":62,"column":39},"end":{"line":82,"column":null}}},"5":{"name":"(anonymous_18)","decl":{"start":{"line":85,"column":8},"end":{"line":85,"column":14}},"loc":{"start":{"line":85,"column":42},"end":{"line":111,"column":null}}}},"branchMap":{"0":{"loc":{"start":{"line":15,"column":14},"end":{"line":15,"column":29}},"type":"binary-expr","locations":[{"start":{"line":15,"column":14},"end":{"line":15,"column":23}},{"start":{"line":15,"column":27},"end":{"line":15,"column":29}}]},"1":{"loc":{"start":{"line":32,"column":6},"end":{"line":34,"column":7}},"type":"if","locations":[{"start":{"line":32,"column":6},"end":{"line":34,"column":7}},{"start":{},"end":{}}]},"2":{"loc":{"start":{"line":44,"column":4},"end":{"line":46,"column":5}},"type":"if","locations":[{"start":{"line":44,"column":4},"end":{"line":46,"column":5}},{"start":{},"end":{}}]},"3":{"loc":{"start":{"line":67,"column":6},"end":{"line":69,"column":7}},"type":"if","locations":[{"start":{"line":67,"column":6},"end":{"line":69,"column":7}},{"start":{},"end":{}}]},"4":{"loc":{"start":{"line":71,"column":6},"end":{"line":77,"column":7}},"type":"if","locations":[{"start":{"line":71,"column":6},"end":{"line":77,"column":7}},{"start":{"line":73,"column":13},"end":{"line":77,"column":7}}]},"5":{"loc":{"start":{"line":71,"column":10},"end":{"line":71,"column":72}},"type":"binary-expr","locations":[{"start":{"line":71,"column":10},"end":{"line":71,"column":22}},{"start":{"line":71,"column":26},"end":{"line":71,"column":72}}]},"6":{"loc":{"start":{"line":90,"column":6},"end":{"line":92,"column":7}},"type":"if","locations":[{"start":{"line":90,"column":6},"end":{"line":92,"column":7}},{"start":{},"end":{}}]},"7":{"loc":{"start":{"line":94,"column":6},"end":{"line":98,"column":7}},"type":"if","locations":[{"start":{"line":94,"column":6},"end":{"line":98,"column":7}},{"start":{},"end":{}}]},"8":{"loc":{"start":{"line":94,"column":10},"end":{"line":94,"column":73}},"type":"binary-expr","locations":[{"start":{"line":94,"column":10},"end":{"line":94,"column":23}},{"start":{"line":94,"column":27},"end":{"line":94,"column":73}}]},"9":{"loc":{"start":{"line":100,"column":6},"end":{"line":105,"column":7}},"type":"if","locations":[{"start":{"line":100,"column":6},"end":{"line":105,"column":7}},{"start":{},"end":{}}]},"10":{"loc":{"start":{"line":101,"column":8},"end":{"line":102,"column":57}},"type":"binary-expr","locations":[{"start":{"line":101,"column":8},"end":{"line":101,"column":27}},{"start":{"line":102,"column":8},"end":{"line":102,"column":57}}]}},"s":{"0":4,"1":4,"2":4,"3":3,"4":3,"5":3,"6":3,"7":0,"8":0,"9":2,"10":2,"11":2,"12":2,"13":1,"14":1,"15":0,"16":0,"17":4,"18":4,"19":4,"20":4,"21":4,"22":4,"23":4,"24":0,"25":0,"26":1,"27":1,"28":1,"29":1,"30":1,"31":0,"32":1,"33":1,"34":0,"35":0,"36":0,"37":1,"38":1,"39":1,"40":1,"41":1,"42":0,"43":1,"44":0,"45":1,"46":0,"47":1,"48":0,"49":0,"50":4},"f":{"0":4,"1":3,"2":2,"3":4,"4":1,"5":1},"b":{"0":[3,0],"1":[1,1],"2":[4,0],"3":[0,1],"4":[1,0],"5":[1,1],"6":[0,1],"7":[0,1],"8":[1,1],"9":[0,1],"10":[1,0]}}
,"/Users/danauzlaner/Desktop/school/secondSchoolTask/src/controllers/postController.ts": {"path":"/Users/danauzlaner/Desktop/school/secondSchoolTask/src/controllers/postController.ts","statementMap":{"0":{"start":{"line":1,"column":0},"end":{"line":1,"column":44}},"1":{"start":{"line":3,"column":0},"end":{"line":3,"column":46}},"2":{"start":{"line":8,"column":4},"end":{"line":8,"column":21}},"3":{"start":{"line":13,"column":4},"end":{"line":22,"column":5}},"4":{"start":{"line":14,"column":18},"end":{"line":16,"column":58}},"5":{"start":{"line":17,"column":19},"end":{"line":17,"column":30}},"6":{"start":{"line":18,"column":6},"end":{"line":18,"column":28}},"7":{"start":{"line":20,"column":6},"end":{"line":20,"column":27}},"8":{"start":{"line":21,"column":6},"end":{"line":21,"column":72}},"9":{"start":{"line":27,"column":15},"end":{"line":27,"column":28}},"10":{"start":{"line":28,"column":4},"end":{"line":39,"column":5}},"11":{"start":{"line":29,"column":19},"end":{"line":31,"column":58}},"12":{"start":{"line":32,"column":6},"end":{"line":34,"column":7}},"13":{"start":{"line":33,"column":8},"end":{"line":33,"column":67}},"14":{"start":{"line":35,"column":6},"end":{"line":35,"column":28}},"15":{"start":{"line":37,"column":6},"end":{"line":37,"column":27}},"16":{"start":{"line":38,"column":6},"end":{"line":38,"column":72}},"17":{"start":{"line":44,"column":4},"end":{"line":46,"column":5}},"18":{"start":{"line":45,"column":6},"end":{"line":45,"column":37}},"19":{"start":{"line":47,"column":21},"end":{"line":47,"column":29}},"20":{"start":{"line":48,"column":4},"end":{"line":58,"column":5}},"21":{"start":{"line":49,"column":22},"end":{"line":49,"column":55}},"22":{"start":{"line":51,"column":28},"end":{"line":53,"column":58}},"23":{"start":{"line":54,"column":6},"end":{"line":54,"column":42}},"24":{"start":{"line":56,"column":6},"end":{"line":56,"column":27}},"25":{"start":{"line":57,"column":6},"end":{"line":57,"column":63}},"26":{"start":{"line":63,"column":15},"end":{"line":63,"column":28}},"27":{"start":{"line":64,"column":4},"end":{"line":81,"column":5}},"28":{"start":{"line":65,"column":19},"end":{"line":65,"column":48}},"29":{"start":{"line":66,"column":6},"end":{"line":68,"column":7}},"30":{"start":{"line":67,"column":8},"end":{"line":67,"column":54}},"31":{"start":{"line":70,"column":22},"end":{"line":70,"column":40}},"32":{"start":{"line":71,"column":6},"end":{"line":77,"column":7}},"33":{"start":{"line":72,"column":8},"end":{"line":72,"column":41}},"34":{"start":{"line":74,"column":8},"end":{"line":76,"column":67}},"35":{"start":{"line":79,"column":6},"end":{"line":79,"column":25}},"36":{"start":{"line":80,"column":6},"end":{"line":80,"column":57}},"37":{"start":{"line":86,"column":15},"end":{"line":86,"column":28}},"38":{"start":{"line":87,"column":4},"end":{"line":101,"column":5}},"39":{"start":{"line":88,"column":19},"end":{"line":88,"column":48}},"40":{"start":{"line":89,"column":6},"end":{"line":91,"column":7}},"41":{"start":{"line":90,"column":8},"end":{"line":90,"column":54}},"42":{"start":{"line":93,"column":6},"end":{"line":95,"column":7}},"43":{"start":{"line":94,"column":8},"end":{"line":94,"column":73}},"44":{"start":{"line":97,"column":6},"end":{"line":97,"column":42}},"45":{"start":{"line":99,"column":6},"end":{"line":99,"column":25}},"46":{"start":{"line":100,"column":6},"end":{"line":100,"column":57}},"47":{"start":{"line":105,"column":0},"end":{"line":105,"column":37}}},"fnMap":{"0":{"name":"(anonymous_8)","decl":{"start":{"line":7,"column":2},"end":{"line":7,"column":null}},"loc":{"start":{"line":7,"column":2},"end":{"line":9,"column":3}}},"1":{"name":"(anonymous_9)","decl":{"start":{"line":12,"column":8},"end":{"line":12,"column":14}},"loc":{"start":{"line":12,"column":46},"end":{"line":23,"column":null}}},"2":{"name":"(anonymous_11)","decl":{"start":{"line":26,"column":8},"end":{"line":26,"column":15}},"loc":{"start":{"line":26,"column":47},"end":{"line":40,"column":null}}},"3":{"name":"(anonymous_13)","decl":{"start":{"line":43,"column":8},"end":{"line":43,"column":14}},"loc":{"start":{"line":43,"column":46},"end":{"line":59,"column":null}}},"4":{"name":"(anonymous_15)","decl":{"start":{"line":62,"column":8},"end":{"line":62,"column":11}},"loc":{"start":{"line":62,"column":43},"end":{"line":82,"column":null}}},"5":{"name":"(anonymous_18)","decl":{"start":{"line":85,"column":8},"end":{"line":85,"column":14}},"loc":{"start":{"line":85,"column":46},"end":{"line":102,"column":null}}}},"branchMap":{"0":{"loc":{"start":{"line":15,"column":14},"end":{"line":15,"column":29}},"type":"binary-expr","locations":[{"start":{"line":15,"column":14},"end":{"line":15,"column":23}},{"start":{"line":15,"column":27},"end":{"line":15,"column":29}}]},"1":{"loc":{"start":{"line":32,"column":6},"end":{"line":34,"column":7}},"type":"if","locations":[{"start":{"line":32,"column":6},"end":{"line":34,"column":7}},{"start":{},"end":{}}]},"2":{"loc":{"start":{"line":44,"column":4},"end":{"line":46,"column":5}},"type":"if","locations":[{"start":{"line":44,"column":4},"end":{"line":46,"column":5}},{"start":{},"end":{}}]},"3":{"loc":{"start":{"line":66,"column":6},"end":{"line":68,"column":7}},"type":"if","locations":[{"start":{"line":66,"column":6},"end":{"line":68,"column":7}},{"start":{},"end":{}}]},"4":{"loc":{"start":{"line":71,"column":6},"end":{"line":77,"column":7}},"type":"if","locations":[{"start":{"line":71,"column":6},"end":{"line":77,"column":7}},{"start":{"line":73,"column":13},"end":{"line":77,"column":7}}]},"5":{"loc":{"start":{"line":71,"column":10},"end":{"line":71,"column":69}},"type":"binary-expr","locations":[{"start":{"line":71,"column":10},"end":{"line":71,"column":22}},{"start":{"line":71,"column":26},"end":{"line":71,"column":69}}]},"6":{"loc":{"start":{"line":89,"column":6},"end":{"line":91,"column":7}},"type":"if","locations":[{"start":{"line":89,"column":6},"end":{"line":91,"column":7}},{"start":{},"end":{}}]},"7":{"loc":{"start":{"line":93,"column":6},"end":{"line":95,"column":7}},"type":"if","locations":[{"start":{"line":93,"column":6},"end":{"line":95,"column":7}},{"start":{},"end":{}}]},"8":{"loc":{"start":{"line":93,"column":10},"end":{"line":93,"column":71}},"type":"binary-expr","locations":[{"start":{"line":93,"column":10},"end":{"line":93,"column":25}},{"start":{"line":93,"column":29},"end":{"line":93,"column":71}}]}},"s":{"0":4,"1":4,"2":4,"3":3,"4":3,"5":3,"6":3,"7":0,"8":0,"9":2,"10":2,"11":2,"12":2,"13":1,"14":1,"15":0,"16":0,"17":5,"18":5,"19":5,"20":5,"21":5,"22":5,"23":5,"24":0,"25":0,"26":1,"27":1,"28":1,"29":1,"30":0,"31":1,"32":1,"33":1,"34":0,"35":0,"36":0,"37":1,"38":1,"39":1,"40":1,"41":0,"42":1,"43":0,"44":1,"45":0,"46":0,"47":4},"f":{"0":4,"1":3,"2":2,"3":5,"4":1,"5":1},"b":{"0":[3,0],"1":[1,1],"2":[5,0],"3":[0,1],"4":[1,0],"5":[1,1],"6":[0,1],"7":[0,1],"8":[1,0]}}
,"/Users/danauzlaner/Desktop/school/secondSchoolTask/src/controllers/userController.ts": {"path":"/Users/danauzlaner/Desktop/school/secondSchoolTask/src/controllers/userController.ts","statementMap":{"0":{"start":{"line":1,"column":0},"end":{"line":1,"column":44}},"1":{"start":{"line":3,"column":0},"end":{"line":3,"column":46}},"2":{"start":{"line":8,"column":4},"end":{"line":8,"column":21}},"3":{"start":{"line":13,"column":4},"end":{"line":15,"column":5}},"4":{"start":{"line":14,"column":6},"end":{"line":14,"column":34}},"5":{"start":{"line":16,"column":4},"end":{"line":16,"column":34}},"6":{"start":{"line":21,"column":15},"end":{"line":21,"column":28}},"7":{"start":{"line":22,"column":4},"end":{"line":39,"column":5}},"8":{"start":{"line":23,"column":19},"end":{"line":23,"column":48}},"9":{"start":{"line":24,"column":6},"end":{"line":26,"column":7}},"10":{"start":{"line":25,"column":8},"end":{"line":25,"column":67}},"11":{"start":{"line":28,"column":22},"end":{"line":28,"column":40}},"12":{"start":{"line":29,"column":6},"end":{"line":35,"column":7}},"13":{"start":{"line":30,"column":8},"end":{"line":30,"column":41}},"14":{"start":{"line":32,"column":8},"end":{"line":34,"column":11}},"15":{"start":{"line":37,"column":6},"end":{"line":37,"column":25}},"16":{"start":{"line":38,"column":6},"end":{"line":38,"column":70}},"17":{"start":{"line":44,"column":15},"end":{"line":44,"column":28}},"18":{"start":{"line":45,"column":4},"end":{"line":66,"column":5}},"19":{"start":{"line":46,"column":19},"end":{"line":46,"column":48}},"20":{"start":{"line":47,"column":6},"end":{"line":49,"column":7}},"21":{"start":{"line":48,"column":8},"end":{"line":48,"column":67}},"22":{"start":{"line":51,"column":6},"end":{"line":53,"column":7}},"23":{"start":{"line":52,"column":8},"end":{"line":52,"column":74}},"24":{"start":{"line":55,"column":6},"end":{"line":60,"column":7}},"25":{"start":{"line":56,"column":8},"end":{"line":59,"column":11}},"26":{"start":{"line":62,"column":6},"end":{"line":62,"column":42}},"27":{"start":{"line":64,"column":6},"end":{"line":64,"column":25}},"28":{"start":{"line":65,"column":6},"end":{"line":65,"column":70}},"29":{"start":{"line":74,"column":4},"end":{"line":101,"column":5}},"30":{"start":{"line":75,"column":6},"end":{"line":77,"column":7}},"31":{"start":{"line":76,"column":8},"end":{"line":76,"column":65}},"32":{"start":{"line":79,"column":19},"end":{"line":79,"column":58}},"33":{"start":{"line":80,"column":6},"end":{"line":82,"column":7}},"34":{"start":{"line":81,"column":8},"end":{"line":81,"column":67}},"35":{"start":{"line":85,"column":27},"end":{"line":95,"column":8}},"36":{"start":{"line":97,"column":6},"end":{"line":97,"column":48}},"37":{"start":{"line":99,"column":6},"end":{"line":99,"column":25}},"38":{"start":{"line":100,"column":6},"end":{"line":100,"column":72}},"39":{"start":{"line":105,"column":0},"end":{"line":105,"column":37}}},"fnMap":{"0":{"name":"(anonymous_8)","decl":{"start":{"line":7,"column":2},"end":{"line":7,"column":null}},"loc":{"start":{"line":7,"column":2},"end":{"line":9,"column":3}}},"1":{"name":"(anonymous_9)","decl":{"start":{"line":12,"column":8},"end":{"line":12,"column":14}},"loc":{"start":{"line":12,"column":46},"end":{"line":17,"column":null}}},"2":{"name":"(anonymous_12)","decl":{"start":{"line":20,"column":8},"end":{"line":20,"column":11}},"loc":{"start":{"line":20,"column":43},"end":{"line":40,"column":null}}},"3":{"name":"(anonymous_15)","decl":{"start":{"line":43,"column":8},"end":{"line":43,"column":14}},"loc":{"start":{"line":43,"column":46},"end":{"line":67,"column":null}}},"4":{"name":"(anonymous_18)","decl":{"start":{"line":70,"column":8},"end":{"line":70,"column":22}},"loc":{"start":{"line":72,"column":17},"end":{"line":102,"column":null}}}},"branchMap":{"0":{"loc":{"start":{"line":13,"column":4},"end":{"line":15,"column":5}},"type":"if","locations":[{"start":{"line":13,"column":4},"end":{"line":15,"column":5}},{"start":{},"end":{}}]},"1":{"loc":{"start":{"line":24,"column":6},"end":{"line":26,"column":7}},"type":"if","locations":[{"start":{"line":24,"column":6},"end":{"line":26,"column":7}},{"start":{},"end":{}}]},"2":{"loc":{"start":{"line":29,"column":6},"end":{"line":35,"column":7}},"type":"if","locations":[{"start":{"line":29,"column":6},"end":{"line":35,"column":7}},{"start":{"line":31,"column":13},"end":{"line":35,"column":7}}]},"3":{"loc":{"start":{"line":29,"column":10},"end":{"line":29,"column":66}},"type":"binary-expr","locations":[{"start":{"line":29,"column":10},"end":{"line":29,"column":22}},{"start":{"line":29,"column":26},"end":{"line":29,"column":66}}]},"4":{"loc":{"start":{"line":47,"column":6},"end":{"line":49,"column":7}},"type":"if","locations":[{"start":{"line":47,"column":6},"end":{"line":49,"column":7}},{"start":{},"end":{}}]},"5":{"loc":{"start":{"line":51,"column":6},"end":{"line":53,"column":7}},"type":"if","locations":[{"start":{"line":51,"column":6},"end":{"line":53,"column":7}},{"start":{},"end":{}}]},"6":{"loc":{"start":{"line":51,"column":10},"end":{"line":51,"column":62}},"type":"binary-expr","locations":[{"start":{"line":51,"column":10},"end":{"line":51,"column":22}},{"start":{"line":51,"column":26},"end":{"line":51,"column":62}}]},"7":{"loc":{"start":{"line":55,"column":6},"end":{"line":60,"column":7}},"type":"if","locations":[{"start":{"line":55,"column":6},"end":{"line":60,"column":7}},{"start":{},"end":{}}]},"8":{"loc":{"start":{"line":55,"column":10},"end":{"line":55,"column":45}},"type":"binary-expr","locations":[{"start":{"line":55,"column":10},"end":{"line":55,"column":27}},{"start":{"line":55,"column":31},"end":{"line":55,"column":45}}]},"9":{"loc":{"start":{"line":75,"column":6},"end":{"line":77,"column":7}},"type":"if","locations":[{"start":{"line":75,"column":6},"end":{"line":77,"column":7}},{"start":{},"end":{}}]},"10":{"loc":{"start":{"line":80,"column":6},"end":{"line":82,"column":7}},"type":"if","locations":[{"start":{"line":80,"column":6},"end":{"line":82,"column":7}},{"start":{},"end":{}}]}},"s":{"0":4,"1":4,"2":4,"3":1,"4":1,"5":1,"6":1,"7":1,"8":1,"9":1,"10":0,"11":1,"12":1,"13":1,"14":0,"15":0,"16":0,"17":5,"18":5,"19":5,"20":5,"21":0,"22":5,"23":1,"24":4,"25":2,"26":2,"27":0,"28":0,"29":1,"30":1,"31":0,"32":1,"33":1,"34":0,"35":1,"36":1,"37":0,"38":0,"39":4},"f":{"0":4,"1":1,"2":1,"3":5,"4":1},"b":{"0":[1,0],"1":[0,1],"2":[1,0],"3":[1,1],"4":[0,5],"5":[1,4],"6":[5,1],"7":[2,2],"8":[4,3],"9":[0,1],"10":[0,1]}}
,"/Users/danauzlaner/Desktop/school/secondSchoolTask/src/middleware/authMiddleware.ts": {"path":"/Users/danauzlaner/Desktop/school/secondSchoolTask/src/middleware/authMiddleware.ts","statementMap":{"0":{"start":{"line":2,"column":0},"end":{"line":2,"column":31}},"1":{"start":{"line":7,"column":28},"end":{"line":24,"column":1}},"2":{"start":{"line":8,"column":23},"end":{"line":8,"column":48}},"3":{"start":{"line":9,"column":4},"end":{"line":11,"column":5}},"4":{"start":{"line":10,"column":8},"end":{"line":10,"column":67}},"5":{"start":{"line":12,"column":18},"end":{"line":12,"column":42}},"6":{"start":{"line":13,"column":4},"end":{"line":15,"column":5}},"7":{"start":{"line":14,"column":8},"end":{"line":14,"column":67}},"8":{"start":{"line":16,"column":19},"end":{"line":16,"column":61}},"9":{"start":{"line":17,"column":4},"end":{"line":23,"column":5}},"10":{"start":{"line":18,"column":24},"end":{"line":18,"column":68}},"11":{"start":{"line":19,"column":8},"end":{"line":19,"column":40}},"12":{"start":{"line":20,"column":8},"end":{"line":20,"column":15}},"13":{"start":{"line":22,"column":8},"end":{"line":22,"column":67}},"14":{"start":{"line":7,"column":13},"end":{"line":7,"column":28}}},"fnMap":{"0":{"name":"(anonymous_1)","decl":{"start":{"line":7,"column":28},"end":{"line":7,"column":29}},"loc":{"start":{"line":7,"column":84},"end":{"line":24,"column":1}}}},"branchMap":{"0":{"loc":{"start":{"line":9,"column":4},"end":{"line":11,"column":5}},"type":"if","locations":[{"start":{"line":9,"column":4},"end":{"line":11,"column":5}},{"start":{},"end":{}}]},"1":{"loc":{"start":{"line":9,"column":8},"end":{"line":9,"column":56}},"type":"binary-expr","locations":[{"start":{"line":9,"column":8},"end":{"line":9,"column":19}},{"start":{"line":9,"column":23},"end":{"line":9,"column":56}}]},"2":{"loc":{"start":{"line":13,"column":4},"end":{"line":15,"column":5}},"type":"if","locations":[{"start":{"line":13,"column":4},"end":{"line":15,"column":5}},{"start":{},"end":{}}]},"3":{"loc":{"start":{"line":16,"column":19},"end":{"line":16,"column":61}},"type":"binary-expr","locations":[{"start":{"line":16,"column":19},"end":{"line":16,"column":41}},{"start":{"line":16,"column":45},"end":{"line":16,"column":61}}]}},"s":{"0":4,"1":4,"2":32,"3":32,"4":6,"5":26,"6":26,"7":0,"8":26,"9":26,"10":26,"11":24,"12":24,"13":2,"14":4},"f":{"0":32},"b":{"0":[6,26],"1":[32,26],"2":[0,26],"3":[26,0]}}
,"/Users/danauzlaner/Desktop/school/secondSchoolTask/src/models/commentModel.ts": {"path":"/Users/danauzlaner/Desktop/school/secondSchoolTask/src/models/commentModel.ts","statementMap":{"0":{"start":{"line":1,"column":0},"end":{"line":1,"column":32}},"1":{"start":{"line":3,"column":22},"end":{"line":21,"column":null}},"2":{"start":{"line":24,"column":0},"end":{"line":24,"column":56}}},"fnMap":{},"branchMap":{},"s":{"0":4,"1":4,"2":4},"f":{},"b":{}}
,"/Users/danauzlaner/Desktop/school/secondSchoolTask/src/models/postModel.ts": {"path":"/Users/danauzlaner/Desktop/school/secondSchoolTask/src/models/postModel.ts","statementMap":{"0":{"start":{"line":1,"column":0},"end":{"line":1,"column":32}},"1":{"start":{"line":3,"column":19},"end":{"line":19,"column":null}},"2":{"start":{"line":22,"column":0},"end":{"line":22,"column":50}}},"fnMap":{},"branchMap":{},"s":{"0":4,"1":4,"2":4},"f":{},"b":{}}
,"/Users/danauzlaner/Desktop/school/secondSchoolTask/src/models/userModel.ts": {"path":"/Users/danauzlaner/Desktop/school/secondSchoolTask/src/models/userModel.ts","statementMap":{"0":{"start":{"line":1,"column":0},"end":{"line":1,"column":32}},"1":{"start":{"line":3,"column":19},"end":{"line":39,"column":null}},"2":{"start":{"line":42,"column":0},"end":{"line":42,"column":50}}},"fnMap":{},"branchMap":{},"s":{"0":4,"1":4,"2":4},"f":{},"b":{}}
,"/Users/danauzlaner/Desktop/school/secondSchoolTask/src/routes/authRoute.ts": {"path":"/Users/danauzlaner/Desktop/school/secondSchoolTask/src/routes/authRoute.ts","statementMap":{"0":{"start":{"line":1,"column":0},"end":{"line":1,"column":30}},"1":{"start":{"line":2,"column":0},"end":{"line":2,"column":59}},"2":{"start":{"line":3,"column":0},"end":{"line":3,"column":60}},"3":{"start":{"line":5,"column":15},"end":{"line":5,"column":31}},"4":{"start":{"line":77,"column":0},"end":{"line":77,"column":50}},"5":{"start":{"line":145,"column":0},"end":{"line":145,"column":44}},"6":{"start":{"line":207,"column":0},"end":{"line":207,"column":53}},"7":{"start":{"line":263,"column":0},"end":{"line":263,"column":46}},"8":{"start":{"line":327,"column":0},"end":{"line":331,"column":2}},"9":{"start":{"line":333,"column":0},"end":{"line":333,"column":22}}},"fnMap":{},"branchMap":{},"s":{"0":4,"1":4,"2":4,"3":4,"4":4,"5":4,"6":4,"7":4,"8":4,"9":4},"f":{},"b":{}}
,"/Users/danauzlaner/Desktop/school/secondSchoolTask/src/routes/commentRoute.ts": {"path":"/Users/danauzlaner/Desktop/school/secondSchoolTask/src/routes/commentRoute.ts","statementMap":{"0":{"start":{"line":1,"column":0},"end":{"line":1,"column":30}},"1":{"start":{"line":2,"column":0},"end":{"line":2,"column":65}},"2":{"start":{"line":3,"column":0},"end":{"line":3,"column":60}},"3":{"start":{"line":5,"column":15},"end":{"line":5,"column":31}},"4":{"start":{"line":107,"column":0},"end":{"line":107,"column":66}},"5":{"start":{"line":273,"column":0},"end":{"line":273,"column":70}},"6":{"start":{"line":334,"column":0},"end":{"line":338,"column":2}},"7":{"start":{"line":401,"column":0},"end":{"line":405,"column":2}},"8":{"start":{"line":479,"column":0},"end":{"line":483,"column":2}},"9":{"start":{"line":485,"column":0},"end":{"line":485,"column":22}}},"fnMap":{},"branchMap":{},"s":{"0":4,"1":4,"2":4,"3":4,"4":4,"5":4,"6":4,"7":4,"8":4,"9":4},"f":{},"b":{}}
,"/Users/danauzlaner/Desktop/school/secondSchoolTask/src/routes/postRoute.ts": {"path":"/Users/danauzlaner/Desktop/school/secondSchoolTask/src/routes/postRoute.ts","statementMap":{"0":{"start":{"line":1,"column":0},"end":{"line":1,"column":30}},"1":{"start":{"line":2,"column":0},"end":{"line":2,"column":59}},"2":{"start":{"line":3,"column":0},"end":{"line":3,"column":60}},"3":{"start":{"line":5,"column":15},"end":{"line":5,"column":31}},"4":{"start":{"line":98,"column":0},"end":{"line":98,"column":60}},"5":{"start":{"line":139,"column":0},"end":{"line":139,"column":64}},"6":{"start":{"line":198,"column":0},"end":{"line":198,"column":75}},"7":{"start":{"line":253,"column":0},"end":{"line":253,"column":77}},"8":{"start":{"line":327,"column":0},"end":{"line":327,"column":77}},"9":{"start":{"line":329,"column":0},"end":{"line":329,"column":22}}},"fnMap":{},"branchMap":{},"s":{"0":4,"1":4,"2":4,"3":4,"4":4,"5":4,"6":4,"7":4,"8":4,"9":4},"f":{},"b":{}}
,"/Users/danauzlaner/Desktop/school/secondSchoolTask/src/routes/userRoute.ts": {"path":"/Users/danauzlaner/Desktop/school/secondSchoolTask/src/routes/userRoute.ts","statementMap":{"0":{"start":{"line":1,"column":0},"end":{"line":1,"column":30}},"1":{"start":{"line":2,"column":0},"end":{"line":2,"column":59}},"2":{"start":{"line":3,"column":0},"end":{"line":3,"column":60}},"3":{"start":{"line":5,"column":15},"end":{"line":5,"column":31}},"4":{"start":{"line":100,"column":0},"end":{"line":100,"column":60}},"5":{"start":{"line":158,"column":0},"end":{"line":158,"column":84}},"6":{"start":{"line":317,"column":0},"end":{"line":317,"column":64}},"7":{"start":{"line":319,"column":0},"end":{"line":319,"column":84}},"8":{"start":{"line":321,"column":0},"end":{"line":321,"column":75}},"9":{"start":{"line":323,"column":0},"end":{"line":323,"column":77}},"10":{"start":{"line":325,"column":0},"end":{"line":325,"column":77}},"11":{"start":{"line":327,"column":0},"end":{"line":327,"column":22}}},"fnMap":{},"branchMap":{},"s":{"0":4,"1":4,"2":4,"3":4,"4":4,"5":4,"6":4,"7":4,"8":4,"9":4,"10":4,"11":4},"f":{},"b":{}}
,"/Users/danauzlaner/Desktop/school/secondSchoolTask/src/tests/utils.ts": {"path":"/Users/danauzlaner/Desktop/school/secondSchoolTask/src/tests/utils.ts","statementMap":{"0":{"start":{"line":1,"column":0},"end":{"line":1,"column":32}},"1":{"start":{"line":13,"column":13},"end":{"line":20,"column":2}},"2":{"start":{"line":22,"column":30},"end":{"line":51,"column":2}},"3":{"start":{"line":22,"column":72},"end":{"line":51,"column":2}},"4":{"start":{"line":24,"column":22},"end":{"line":24,"column":94}},"5":{"start":{"line":25,"column":19},"end":{"line":29,"column":4}},"6":{"start":{"line":31,"column":17},"end":{"line":33,"column":19}},"7":{"start":{"line":36,"column":2},"end":{"line":40,"column":3}},"8":{"start":{"line":37,"column":4},"end":{"line":39,"column":68}},"9":{"start":{"line":42,"column":20},"end":{"line":49,"column":4}},"10":{"start":{"line":50,"column":2},"end":{"line":50,"column":19}},"11":{"start":{"line":22,"column":13},"end":{"line":22,"column":30}},"12":{"start":{"line":60,"column":13},"end":{"line":73,"column":2}}},"fnMap":{"0":{"name":"(anonymous_8)","decl":{"start":{"line":22,"column":30},"end":{"line":22,"column":37}},"loc":{"start":{"line":22,"column":72},"end":{"line":51,"column":2}}},"1":{"name":"(anonymous_9)","decl":{"start":{"line":22,"column":72},"end":{"line":22,"column":null}},"loc":{"start":{"line":22,"column":72},"end":{"line":51,"column":1}}}},"branchMap":{"0":{"loc":{"start":{"line":36,"column":2},"end":{"line":40,"column":3}},"type":"if","locations":[{"start":{"line":36,"column":2},"end":{"line":40,"column":3}},{"start":{},"end":{}}]}},"s":{"0":4,"1":4,"2":4,"3":3,"4":3,"5":3,"6":3,"7":3,"8":0,"9":3,"10":3,"11":4,"12":4},"f":{"0":3,"1":3},"b":{"0":[0,3]}}
}
