TN:
SF:src/index.ts
FN:33,(anonymous_1)
FN:38,(anonymous_2)
FN:39,(anonymous_3)
FN:45,(anonymous_4)
FN:49,(anonymous_5)
FN:50,(anonymous_6)
FNF:6
FNH:4
FNDA:0,(anonymous_1)
FNDA:4,(anonymous_2)
FNDA:4,(anonymous_3)
FNDA:4,(anonymous_4)
FNDA:0,(anonymous_5)
FNDA:4,(anonymous_6)
DA:1,4
DA:2,4
DA:3,4
DA:4,4
DA:5,4
DA:6,4
DA:7,4
DA:9,4
DA:10,4
DA:12,4
DA:13,4
DA:16,4
DA:27,4
DA:28,4
DA:29,4
DA:30,4
DA:33,4
DA:34,0
DA:35,0
DA:38,4
DA:39,4
DA:40,4
DA:41,4
DA:42,0
DA:43,0
DA:45,4
DA:46,4
DA:48,4
DA:49,4
DA:50,4
DA:52,4
DA:55,4
LF:32
LH:28
BRDA:41,0,0,0
BRDA:41,0,1,4
BRF:2
BRH:1
end_of_record
TN:
SF:src/swagger.ts
FNF:0
FNH:0
DA:1,4
DA:2,4
DA:4,4
DA:310,4
DA:750,4
DA:762,4
DA:764,4
LF:7
LH:7
BRDA:19,0,0,4
BRDA:19,0,1,0
BRF:2
BRH:1
end_of_record
TN:
SF:src/controllers/authController.ts
FN:7,(anonymous_8)
FN:16,(anonymous_9)
FN:32,(anonymous_10)
FN:32,(anonymous_11)
FN:55,(anonymous_12)
FN:55,(anonymous_13)
FN:82,(anonymous_14)
FN:82,(anonymous_15)
FN:106,(anonymous_16)
FN:116,(anonymous_17)
FN:116,(anonymous_18)
FN:130,(anonymous_19)
FN:139,(anonymous_20)
FN:139,(anonymous_21)
FNF:14
FNH:14
FNDA:8,(anonymous_8)
FNDA:13,(anonymous_9)
FNDA:9,(anonymous_10)
FNDA:9,(anonymous_11)
FNDA:3,(anonymous_12)
FNDA:3,(anonymous_13)
FNDA:5,(anonymous_14)
FNDA:5,(anonymous_15)
FNDA:4,(anonymous_16)
FNDA:3,(anonymous_17)
FNDA:3,(anonymous_18)
FNDA:1,(anonymous_19)
FNDA:3,(anonymous_20)
FNDA:3,(anonymous_21)
DA:2,4
DA:3,4
DA:4,4
DA:7,4
DA:8,8
DA:16,4
DA:17,13
DA:19,13
DA:20,13
DA:22,13
DA:25,13
DA:26,13
DA:29,13
DA:32,9
DA:33,9
DA:34,9
DA:35,9
DA:36,9
DA:37,0
DA:39,9
DA:40,9
DA:41,9
DA:42,9
DA:47,9
DA:48,9
DA:49,9
DA:50,9
DA:52,0
DA:55,4
DA:57,3
DA:58,3
DA:59,3
DA:60,0
DA:62,3
DA:63,3
DA:64,3
DA:65,0
DA:67,3
DA:68,3
DA:69,1
DA:72,2
DA:73,2
DA:74,2
DA:75,2
DA:77,0
DA:82,5
DA:84,5
DA:85,5
DA:86,0
DA:88,5
DA:89,5
DA:90,5
DA:91,5
DA:92,5
DA:93,0
DA:96,5
DA:98,3
DA:99,3
DA:100,3
DA:101,3
DA:103,2
DA:105,2
DA:106,4
DA:108,2
DA:109,2
DA:110,2
DA:112,0
DA:116,4
DA:117,3
DA:118,3
DA:119,1
DA:121,2
DA:122,2
DA:123,2
DA:124,1
DA:125,1
DA:126,0
DA:129,1
DA:130,1
DA:132,1
DA:133,1
DA:135,1
DA:139,4
DA:140,3
DA:141,3
DA:143,3
DA:144,0
DA:151,3
DA:152,1
DA:159,2
DA:160,2
DA:161,0
DA:164,2
DA:165,2
DA:166,0
DA:170,2
DA:171,2
DA:172,1
DA:176,1
DA:177,1
DA:178,1
DA:179,1
DA:181,1
DA:183,0
DA:184,0
DA:188,4
LF:106
LH:92
BRDA:17,0,0,13
BRDA:17,0,1,0
BRDA:19,1,0,13
BRDA:19,1,1,0
BRDA:23,2,0,13
BRDA:23,2,1,0
BRDA:36,3,0,0
BRDA:36,3,1,9
BRDA:36,4,0,9
BRDA:36,4,1,9
BRDA:59,5,0,0
BRDA:59,5,1,3
BRDA:59,6,0,3
BRDA:59,6,1,3
BRDA:64,7,0,0
BRDA:64,7,1,3
BRDA:68,8,0,1
BRDA:68,8,1,2
BRDA:85,9,0,0
BRDA:85,9,1,5
BRDA:88,10,0,5
BRDA:88,10,1,0
BRDA:92,11,0,0
BRDA:92,11,1,5
BRDA:96,12,0,3
BRDA:96,12,1,2
BRDA:118,13,0,1
BRDA:118,13,1,2
BRDA:122,14,0,2
BRDA:122,14,1,0
BRDA:125,15,0,0
BRDA:125,15,1,1
BRDA:143,16,0,0
BRDA:143,16,1,3
BRDA:143,17,0,3
BRDA:143,17,1,3
BRDA:151,18,0,1
BRDA:151,18,1,2
BRDA:160,19,0,0
BRDA:160,19,1,2
BRDA:165,20,0,0
BRDA:165,20,1,2
BRDA:171,21,0,1
BRDA:171,21,1,1
BRF:44
BRH:30
end_of_record
TN:
SF:src/controllers/baseController.ts
FN:6,(anonymous_7)
FN:10,(anonymous_8)
FN:24,(anonymous_10)
FN:38,(anonymous_12)
FN:49,(anonymous_14)
FN:63,(anonymous_16)
FNF:6
FNH:6
FNDA:12,(anonymous_7)
FNDA:7,(anonymous_8)
FNDA:7,(anonymous_10)
FNDA:10,(anonymous_12)
FNDA:3,(anonymous_14)
FNDA:4,(anonymous_16)
DA:7,12
DA:11,7
DA:12,7
DA:13,7
DA:14,7
DA:16,0
DA:17,0
DA:19,0
DA:20,0
DA:25,7
DA:26,7
DA:27,7
DA:28,7
DA:29,4
DA:31,3
DA:33,0
DA:34,0
DA:39,10
DA:40,10
DA:41,10
DA:42,9
DA:44,1
DA:45,1
DA:50,3
DA:51,3
DA:52,3
DA:53,3
DA:54,0
DA:56,3
DA:58,0
DA:59,0
DA:64,4
DA:65,4
DA:66,4
DA:67,4
DA:70,4
DA:71,0
DA:73,4
DA:75,0
DA:76,0
DA:81,4
LF:41
LH:29
BRDA:12,0,0,7
BRDA:12,0,1,0
BRDA:28,1,0,4
BRDA:28,1,1,3
BRDA:53,2,0,0
BRDA:53,2,1,3
BRDA:70,3,0,0
BRDA:70,3,1,4
BRF:8
BRH:5
end_of_record
TN:
SF:src/controllers/commentController.ts
FN:7,(anonymous_8)
FN:12,(anonymous_9)
FN:20,(anonymous_12)
FN:43,(anonymous_15)
FNF:4
FNH:4
FNDA:4,(anonymous_8)
FNDA:4,(anonymous_9)
FNDA:1,(anonymous_12)
FNDA:1,(anonymous_15)
DA:1,4
DA:3,4
DA:8,4
DA:13,4
DA:14,4
DA:16,4
DA:21,1
DA:22,1
DA:23,1
DA:24,1
DA:25,1
DA:26,0
DA:29,1
DA:30,1
DA:32,0
DA:37,0
DA:38,0
DA:44,1
DA:45,1
DA:46,1
DA:47,1
DA:48,1
DA:49,0
DA:52,1
DA:53,0
DA:58,1
DA:59,0
DA:61,1
DA:63,0
DA:64,0
DA:69,4
LF:31
LH:22
BRDA:13,0,0,4
BRDA:13,0,1,0
BRDA:25,1,0,0
BRDA:25,1,1,1
BRDA:29,2,0,1
BRDA:29,2,1,0
BRDA:29,3,0,1
BRDA:29,3,1,1
BRDA:48,4,0,0
BRDA:48,4,1,1
BRDA:52,5,0,0
BRDA:52,5,1,1
BRDA:52,6,0,1
BRDA:52,6,1,1
BRDA:58,7,0,0
BRDA:58,7,1,1
BRDA:58,8,0,1
BRDA:58,8,1,0
BRF:18
BRH:11
end_of_record
TN:
SF:src/controllers/postController.ts
FN:7,(anonymous_8)
FN:12,(anonymous_9)
FN:20,(anonymous_12)
FN:43,(anonymous_15)
FNF:4
FNH:4
FNDA:4,(anonymous_8)
FNDA:5,(anonymous_9)
FNDA:1,(anonymous_12)
FNDA:1,(anonymous_15)
DA:1,4
DA:3,4
DA:8,4
DA:13,5
DA:14,5
DA:16,5
DA:21,1
DA:22,1
DA:23,1
DA:24,1
DA:25,0
DA:28,1
DA:29,1
DA:30,1
DA:32,0
DA:37,0
DA:38,0
DA:44,1
DA:45,1
DA:46,1
DA:47,1
DA:48,0
DA:51,1
DA:52,0
DA:55,1
DA:57,0
DA:58,0
DA:63,4
LF:28
LH:20
BRDA:13,0,0,5
BRDA:13,0,1,0
BRDA:24,1,0,0
BRDA:24,1,1,1
BRDA:29,2,0,1
BRDA:29,2,1,0
BRDA:29,3,0,1
BRDA:29,3,1,1
BRDA:47,4,0,0
BRDA:47,4,1,1
BRDA:51,5,0,0
BRDA:51,5,1,1
BRDA:51,6,0,1
BRDA:51,6,1,0
BRF:14
BRH:8
end_of_record
TN:
SF:src/controllers/userController.ts
FN:7,(anonymous_8)
FN:12,(anonymous_9)
FN:20,(anonymous_12)
FN:43,(anonymous_15)
FN:72,(anonymous_18)
FNF:5
FNH:5
FNDA:4,(anonymous_8)
FNDA:1,(anonymous_9)
FNDA:1,(anonymous_12)
FNDA:5,(anonymous_15)
FNDA:1,(anonymous_18)
DA:1,4
DA:3,4
DA:8,4
DA:13,1
DA:14,1
DA:16,1
DA:21,1
DA:22,1
DA:23,1
DA:24,1
DA:25,0
DA:28,1
DA:29,1
DA:30,1
DA:32,0
DA:37,0
DA:38,0
DA:44,5
DA:45,5
DA:46,5
DA:47,5
DA:48,0
DA:51,5
DA:52,1
DA:55,4
DA:56,2
DA:62,2
DA:64,0
DA:65,0
DA:76,1
DA:77,1
DA:78,0
DA:81,1
DA:82,1
DA:83,0
DA:87,1
DA:99,1
DA:101,0
DA:102,0
DA:107,4
LF:40
LH:29
BRDA:13,0,0,1
BRDA:13,0,1,0
BRDA:24,1,0,0
BRDA:24,1,1,1
BRDA:29,2,0,1
BRDA:29,2,1,0
BRDA:29,3,0,1
BRDA:29,3,1,1
BRDA:47,4,0,0
BRDA:47,4,1,5
BRDA:51,5,0,1
BRDA:51,5,1,4
BRDA:51,6,0,5
BRDA:51,6,1,1
BRDA:55,7,0,2
BRDA:55,7,1,2
BRDA:55,8,0,4
BRDA:55,8,1,3
BRDA:77,9,0,0
BRDA:77,9,1,1
BRDA:82,10,0,0
BRDA:82,10,1,1
BRF:22
BRH:16
end_of_record
TN:
SF:src/middleware/authMiddleware.ts
FN:7,(anonymous_1)
FNF:1
FNH:1
FNDA:32,(anonymous_1)
DA:2,4
DA:7,4
DA:8,32
DA:9,32
DA:10,6
DA:12,26
DA:13,26
DA:14,0
DA:16,26
DA:17,26
DA:18,26
DA:19,24
DA:20,24
DA:22,2
LF:14
LH:13
BRDA:9,0,0,6
BRDA:9,0,1,26
BRDA:9,1,0,32
BRDA:9,1,1,26
BRDA:13,2,0,0
BRDA:13,2,1,26
BRDA:16,3,0,26
BRDA:16,3,1,0
BRF:8
BRH:6
end_of_record
TN:
SF:src/models/commentModel.ts
FNF:0
FNH:0
DA:1,4
DA:3,4
DA:24,4
LF:3
LH:3
BRF:0
BRH:0
end_of_record
TN:
SF:src/models/postModel.ts
FNF:0
FNH:0
DA:1,4
DA:3,4
DA:22,4
LF:3
LH:3
BRF:0
BRH:0
end_of_record
TN:
SF:src/models/userModel.ts
FNF:0
FNH:0
DA:1,4
DA:3,4
DA:42,4
LF:3
LH:3
BRF:0
BRH:0
end_of_record
TN:
SF:src/routes/authRoute.ts
FNF:0
FNH:0
DA:1,4
DA:2,4
DA:3,4
DA:5,4
DA:77,4
DA:145,4
DA:207,4
DA:263,4
DA:327,4
DA:333,4
LF:10
LH:10
BRF:0
BRH:0
end_of_record
TN:
SF:src/routes/commentRoute.ts
FNF:0
FNH:0
DA:1,4
DA:2,4
DA:3,4
DA:5,4
DA:46,4
DA:87,4
DA:148,4
DA:215,4
DA:293,4
DA:299,4
LF:10
LH:10
BRF:0
BRH:0
end_of_record
TN:
SF:src/routes/postRoute.ts
FNF:0
FNH:0
DA:1,4
DA:2,4
DA:3,4
DA:5,4
DA:92,4
DA:250,4
DA:252,4
DA:254,4
DA:256,4
DA:258,4
LF:10
LH:10
BRF:0
BRH:0
end_of_record
TN:
SF:src/routes/userRoute.ts
FNF:0
FNH:0
DA:1,4
DA:2,4
DA:3,4
DA:5,4
DA:100,4
DA:158,4
DA:317,4
DA:319,4
DA:321,4
DA:323,4
DA:325,4
LF:11
LH:11
BRF:0
BRH:0
end_of_record
TN:
SF:src/tests/utils.ts
FN:22,(anonymous_8)
FN:22,(anonymous_9)
FNF:2
FNH:2
FNDA:3,(anonymous_8)
FNDA:3,(anonymous_9)
DA:1,4
DA:13,4
DA:22,4
DA:24,3
DA:25,3
DA:31,3
DA:36,3
DA:37,0
DA:42,3
DA:50,3
DA:60,4
LF:11
LH:10
BRDA:36,0,0,0
BRDA:36,0,1,3
BRF:2
BRH:1
end_of_record
